2022-09-26 17:11:07,017 INFO  [org.jboss.modules] (main) JBoss Modules version 1.10.1.Final
2022-09-26 17:11:07,850 INFO  [org.jboss.msc] (main) JBoss MSC version 1.4.11.Final
2022-09-26 17:11:07,859 INFO  [org.jboss.threads] (main) JBoss Threads version 2.3.3.Final
2022-09-26 17:11:07,985 INFO  [org.jboss.as] (MSC service thread 1-2) WFLYSRV0049: WildFly Full 20.0.1.Final (WildFly Core 12.0.3.Final) starting
2022-09-26 17:11:07,988 DEBUG [org.jboss.as.config] (MSC service thread 1-2) Configured system properties:
	awt.toolkit = sun.awt.windows.WToolkit
	file.encoding = UTF-8
	file.separator = \
	java.awt.graphicsenv = sun.awt.Win32GraphicsEnvironment
	java.awt.headless = true
	java.awt.printerjob = sun.awt.windows.WPrinterJob
	java.class.path = C:\Documentos\Desenvolvimento\wildfly-20.0.1.Final\wildfly-20.0.1.Final\jboss-modules.jar
	java.class.version = 55.0
	java.home = C:\Documentos\Desenvolvimento\jdk11.0.16_9
	java.io.tmpdir = C:\Users\MATHEU~1.BIA\AppData\Local\Temp\
	java.library.path = C:\Documentos\Desenvolvimento\jdk11.0.16_9\bin;C:\Windows\Sun\Java\bin;C:\Windows\system32;C:\Windows;native;C:/Desenvolvimento/jdk11.0.16_9/bin/server;C:/Desenvolvimento/jdk11.0.16_9/bin;C:\Program Files (x86)\Common Files\Oracle\Java\javapath;C:\Windows\system32;C:\Windows;C:\Windows\System32\Wbem;C:\Windows\System32\WindowsPowerShell\v1.0\;C:\Windows\System32\OpenSSH\;C:\Program Files\Git\cmd;C:\Users\matheus.biasi\AppData\Local\Microsoft\WindowsApps;;C:\Users\matheus.biasi\AppData\Local\Programs\Microsoft VS Code\bin;C:\Desenvolvimento\eclipse\eclipse;;.
	java.net.preferIPv4Stack = true
	java.runtime.name = OpenJDK Runtime Environment
	java.runtime.version = 11.0.16.1+9-LTS
	java.specification.name = Java Platform API Specification
	java.specification.vendor = Oracle Corporation
	java.specification.version = 11
	java.util.logging.manager = org.jboss.logmanager.LogManager
	java.vendor = Amazon.com Inc.
	java.vendor.url = https://aws.amazon.com/corretto/
	java.vendor.url.bug = https://github.com/corretto/corretto-11/issues/
	java.vendor.version = Corretto-11.0.16.9.1
	java.version = 11.0.16.1
	java.version.date = 2022-08-12
	java.vm.compressedOopsMode = 32-bit
	java.vm.info = mixed mode
	java.vm.name = OpenJDK 64-Bit Server VM
	java.vm.specification.name = Java Virtual Machine Specification
	java.vm.specification.vendor = Oracle Corporation
	java.vm.specification.version = 11
	java.vm.vendor = Amazon.com Inc.
	java.vm.version = 11.0.16.1+9-LTS
	javax.management.builder.initial = org.jboss.as.jmx.PluggableMBeanServerBuilder
	jboss.bind.address = localhost
	jboss.bind.address.management = localhost
	jboss.home.dir = C:\Documentos\Desenvolvimento\wildfly-20.0.1.Final\wildfly-20.0.1.Final
	jboss.host.name = note41800
	jboss.modules.dir = C:\Documentos\Desenvolvimento\wildfly-20.0.1.Final\wildfly-20.0.1.Final\modules
	jboss.modules.system.pkgs = org.jboss.byteman
	jboss.node.name = note41800
	jboss.qualified.host.name = note41800
	jboss.server.base.dir = C:\Documentos\Desenvolvimento\wildfly-20.0.1.Final\wildfly-20.0.1.Final\standalone
	jboss.server.config.dir = C:\Documentos\Desenvolvimento\wildfly-20.0.1.Final\wildfly-20.0.1.Final\standalone\configuration
	jboss.server.data.dir = C:\Documentos\Desenvolvimento\wildfly-20.0.1.Final\wildfly-20.0.1.Final\standalone\data
	jboss.server.deploy.dir = C:\Documentos\Desenvolvimento\wildfly-20.0.1.Final\wildfly-20.0.1.Final\standalone\data\content
	jboss.server.log.dir = C:\Documentos\Desenvolvimento\wildfly-20.0.1.Final\wildfly-20.0.1.Final\standalone\log
	jboss.server.name = note41800
	jboss.server.persist.config = true
	jboss.server.temp.dir = C:\Documentos\Desenvolvimento\wildfly-20.0.1.Final\wildfly-20.0.1.Final\standalone\tmp
	jdk.debug = release
	line.separator = 

	logging.configuration = file:C:\Documentos\Desenvolvimento\wildfly-20.0.1.Final\wildfly-20.0.1.Final\standalone\configuration\logging.properties
	module.path = C:\Documentos\Desenvolvimento\wildfly-20.0.1.Final\wildfly-20.0.1.Final\modules
	org.jboss.boot.log.file = C:\Documentos\Desenvolvimento\wildfly-20.0.1.Final\wildfly-20.0.1.Final\standalone\log\boot.log
	org.jboss.logmanager.nocolor = true
	org.jboss.resolver.warning = true
	os.arch = amd64
	os.name = Windows 10
	os.version = 10.0
	path.separator = ;
	program.name = JBossTools: WildFly 20
	sun.arch.data.model = 64
	sun.boot.library.path = C:\Documentos\Desenvolvimento\jdk11.0.16_9\bin
	sun.cpu.endian = little
	sun.cpu.isalist = amd64
	sun.desktop = windows
	sun.io.unicode.encoding = UnicodeLittle
	sun.java.command = org.jboss.modules.Main -mp C:\Documentos\Desenvolvimento\wildfly-20.0.1.Final\wildfly-20.0.1.Final\modules org.jboss.as.standalone -b localhost --server-config=standalone-full.xml -Djboss.server.base.dir=C:\Documentos\Desenvolvimento\wildfly-20.0.1.Final\wildfly-20.0.1.Final\standalone
	sun.java.launcher = SUN_STANDARD
	sun.jnu.encoding = Cp1252
	sun.management.compiler = HotSpot 64-Bit Tiered Compilers
	sun.os.patch.level = 
	sun.rmi.dgc.client.gcInterval = 3600000
	sun.rmi.dgc.server.gcInterval = 3600000
	user.country = BR
	user.dir = C:\Documentos\Desenvolvimento\wildfly-20.0.1.Final\wildfly-20.0.1.Final\bin
	user.home = C:\Users\matheus.biasi
	user.language = pt
	user.name = MATHEUS.BIASI
	user.script = 
	user.timezone = America/Sao_Paulo
	user.variant = 
2022-09-26 17:11:07,990 DEBUG [org.jboss.as.config] (MSC service thread 1-2) VM Arguments: -Dprogram.name=JBossTools: WildFly 20 -Xms64m -Xmx512m -Dorg.jboss.resolver.warning=true -Djava.net.preferIPv4Stack=true -Dsun.rmi.dgc.client.gcInterval=3600000 -Dsun.rmi.dgc.server.gcInterval=3600000 -Djboss.modules.system.pkgs=org.jboss.byteman -Djava.awt.headless=true -Dorg.jboss.boot.log.file=C:\Documentos\Desenvolvimento\wildfly-20.0.1.Final\wildfly-20.0.1.Final\standalone\log\boot.log -Dlogging.configuration=file:C:\Documentos\Desenvolvimento\wildfly-20.0.1.Final\wildfly-20.0.1.Final\standalone\configuration\logging.properties -Djboss.home.dir=C:\Documentos\Desenvolvimento\wildfly-20.0.1.Final\wildfly-20.0.1.Final -Dorg.jboss.logmanager.nocolor=true --add-exports=java.base/sun.nio.ch=ALL-UNNAMED --add-exports=jdk.unsupported/sun.misc=ALL-UNNAMED --add-exports=jdk.unsupported/sun.reflect=ALL-UNNAMED --add-modules=java.se -Djboss.bind.address.management=localhost -Dfile.encoding=UTF-8 
2022-09-26 17:11:08,757 INFO  [org.wildfly.security] (ServerService Thread Pool -- 29) ELY00001: WildFly Elytron version 1.12.1.Final
2022-09-26 17:11:09,341 INFO  [org.jboss.as.controller.management-deprecated] (Controller Boot Thread) WFLYCTL0028: Attribute 'security-realm' in the resource at address '/core-service=management/management-interface=http-interface' is deprecated, and may be removed in a future version. See the attribute description in the output of the read-resource-description operation to learn more about the deprecation.
2022-09-26 17:11:09,366 INFO  [org.jboss.as.controller.management-deprecated] (ServerService Thread Pool -- 11) WFLYCTL0028: Attribute 'security-realm' in the resource at address '/subsystem=undertow/server=default-server/https-listener=https' is deprecated, and may be removed in a future version. See the attribute description in the output of the read-resource-description operation to learn more about the deprecation.
2022-09-26 17:11:09,418 INFO  [org.jboss.as.server] (Controller Boot Thread) WFLYSRV0039: Creating http management service using socket-binding (management-http)
2022-09-26 17:11:09,436 INFO  [org.xnio] (MSC service thread 1-3) XNIO version 3.8.1.Final
2022-09-26 17:11:09,443 INFO  [org.xnio.nio] (MSC service thread 1-3) XNIO NIO Implementation Version 3.8.1.Final
2022-09-26 17:11:09,509 INFO  [org.wildfly.extension.microprofile.config.smallrye._private] (ServerService Thread Pool -- 67) WFLYCONF0001: Activating WildFly MicroProfile Config Subsystem
2022-09-26 17:11:09,509 INFO  [org.jboss.as.clustering.infinispan] (ServerService Thread Pool -- 56) WFLYCLINF0001: Activating Infinispan subsystem.
2022-09-26 17:11:09,517 WARN  [org.jboss.as.txn] (ServerService Thread Pool -- 80) WFLYTX0013: The node-identifier attribute on the /subsystem=transactions is set to the default value. This is a danger for environments running multiple servers. Please make sure the attribute value is unique.
2022-09-26 17:11:09,517 INFO  [org.wildfly.iiop.openjdk] (ServerService Thread Pool -- 55) WFLYIIOP0001: Activating IIOP Subsystem
2022-09-26 17:11:09,519 INFO  [org.wildfly.extension.io] (ServerService Thread Pool -- 57) WFLYIO001: Worker 'default' has auto-configured to 24 IO threads with 192 max task threads based on your 12 available processors
2022-09-26 17:11:09,521 INFO  [org.wildfly.extension.microprofile.jwt.smallrye._private] (ServerService Thread Pool -- 69) WFLYJWT0001: Activating WildFly MicroProfile JWT Subsystem
2022-09-26 17:11:09,531 INFO  [org.jboss.as.naming] (ServerService Thread Pool -- 72) WFLYNAM0001: Activating Naming Subsystem
2022-09-26 17:11:09,538 INFO  [org.jboss.as.security] (ServerService Thread Pool -- 78) WFLYSEC0002: Activating Security Subsystem
2022-09-26 17:11:09,544 INFO  [org.jboss.as.webservices] (ServerService Thread Pool -- 82) WFLYWS0002: Activating WebServices Extension
2022-09-26 17:11:09,545 INFO  [org.wildfly.extension.microprofile.health.smallrye] (ServerService Thread Pool -- 68) WFLYHEALTH0001: Activating Eclipse MicroProfile Health Subsystem
2022-09-26 17:11:09,547 INFO  [org.jboss.as.jsf] (ServerService Thread Pool -- 63) WFLYJSF0007: Activated the following JSF Implementations: [main]
2022-09-26 17:11:09,552 INFO  [org.jboss.as.security] (MSC service thread 1-8) WFLYSEC0001: Current PicketBox version=5.0.3.Final-redhat-00005
2022-09-26 17:11:09,555 INFO  [org.wildfly.extension.microprofile.opentracing] (ServerService Thread Pool -- 71) WFLYTRACEXT0001: Activating MicroProfile OpenTracing Subsystem
2022-09-26 17:11:09,556 INFO  [org.jboss.as.jaxrs] (ServerService Thread Pool -- 58) WFLYRS0016: RESTEasy version 3.12.1.Final
2022-09-26 17:11:09,558 INFO  [org.wildfly.extension.microprofile.metrics.smallrye] (ServerService Thread Pool -- 70) WFLYMETRICS0001: Activating Eclipse MicroProfile Metrics Subsystem
2022-09-26 17:11:09,578 INFO  [org.jboss.as.connector] (MSC service thread 1-6) WFLYJCA0009: Starting JCA Subsystem (WildFly/IronJacamar 1.4.22.Final)
2022-09-26 17:11:09,589 INFO  [org.wildfly.extension.undertow] (MSC service thread 1-2) WFLYUT0003: Undertow 2.1.3.Final starting
2022-09-26 17:11:09,648 INFO  [org.jboss.as.connector.subsystems.datasources] (ServerService Thread Pool -- 47) WFLYJCA0004: Deploying JDBC-compliant driver class org.h2.Driver (version 1.4)
2022-09-26 17:11:09,683 INFO  [org.jboss.as.connector.deployers.jdbc] (MSC service thread 1-8) WFLYJCA0018: Started Driver service with driver-name = h2
2022-09-26 17:11:09,698 INFO  [org.jboss.remoting] (MSC service thread 1-1) JBoss Remoting version 5.0.18.Final
2022-09-26 17:11:09,700 INFO  [org.jboss.as.naming] (MSC service thread 1-8) WFLYNAM0003: Starting Naming Service
2022-09-26 17:11:09,726 INFO  [org.jboss.as.mail.extension] (MSC service thread 1-3) WFLYMAIL0001: Bound mail session [java:jboss/mail/Default]
2022-09-26 17:11:09,787 INFO  [org.wildfly.extension.undertow] (ServerService Thread Pool -- 81) WFLYUT0014: Creating file handler for path 'C:\Documentos\Desenvolvimento\wildfly-20.0.1.Final\wildfly-20.0.1.Final/welcome-content' with options [directory-listing: 'false', follow-symlink: 'false', case-sensitive: 'true', safe-symlink-paths: '[]']
2022-09-26 17:11:09,857 INFO  [org.jboss.as.ejb3] (MSC service thread 1-8) WFLYEJB0481: Strict pool slsb-strict-max-pool is using a max instance size of 192 (per class), which is derived from thread worker pool sizing.
2022-09-26 17:11:09,857 INFO  [org.jboss.as.ejb3] (MSC service thread 1-1) WFLYEJB0482: Strict pool mdb-strict-max-pool is using a max instance size of 48 (per class), which is derived from the number of CPUs on this host.
2022-09-26 17:11:09,892 INFO  [org.wildfly.extension.undertow] (MSC service thread 1-1) WFLYUT0012: Started server default-server.
2022-09-26 17:11:09,931 INFO  [org.wildfly.extension.undertow] (MSC service thread 1-7) WFLYUT0018: Host default-host starting
2022-09-26 17:11:10,089 INFO  [org.wildfly.extension.undertow] (MSC service thread 1-8) WFLYUT0006: Undertow HTTP listener default listening on 127.0.0.1:8080
2022-09-26 17:11:10,187 INFO  [org.jboss.as.ejb3] (MSC service thread 1-6) WFLYEJB0493: EJB subsystem suspension complete
2022-09-26 17:11:10,261 INFO  [org.jboss.as.connector.subsystems.datasources] (MSC service thread 1-8) WFLYJCA0001: Bound data source [java:jboss/datasources/ExampleDS]
2022-09-26 17:11:10,381 INFO  [org.jboss.as.patching] (MSC service thread 1-8) WFLYPAT0050: WildFly Full cumulative patch ID is: base, one-off patches include: none
2022-09-26 17:11:10,389 INFO  [org.wildfly.extension.messaging-activemq] (MSC service thread 1-4) WFLYMSGAMQ0001: AIO wasn't located on this platform, it will fall back to using pure Java NIO.
